{
"contracts\\SimpleAMM.sol":{"l":{"33":28,"34":27,"35":26,"37":25,"38":25,"42":18,"43":17,"45":16,"46":16,"47":14,"49":2,"50":1,"53":15,"54":15,"56":15,"57":15,"58":15,"60":15,"64":9,"65":8,"67":7,"68":7,"69":6,"70":5,"71":4,"73":3,"74":3,"76":2,"77":2,"79":2,"80":2,"82":2,"86":7,"87":6,"89":5,"90":3,"91":1,"92":1,"94":1,"95":1,"96":1,"98":1,"101":2,"109":7,"120":4,"121":4,"122":3,"124":2,"125":2},"path":"C:\\Users\\Patil\\OneDrive\\Desktop\\Ayush\\Cryptography\\Homework 4\\Ayushrpatil-Simple-Automated-Market-Maker\\contracts\\SimpleAMM.sol","s":{"1":28,"2":27,"3":26,"4":18,"5":17,"6":16,"7":16,"8":2,"9":15,"10":15,"11":15,"12":15,"13":9,"14":8,"15":7,"16":7,"17":6,"18":5,"19":4,"20":3,"21":2,"22":2,"23":2,"24":7,"25":6,"26":5,"27":2,"28":2,"29":7,"30":4,"31":3,"32":2,"33":2},"b":{"1":[1,27],"2":[1,26],"3":[1,25],"4":[1,17],"5":[1,16],"6":[14,2],"7":[1,1],"8":[1,8],"9":[1,7],"10":[1,6],"11":[1,5],"12":[1,4],"13":[1,3],"14":[1,6],"15":[1,5],"16":[3,2],"17":[1,1],"18":[1,3],"19":[1,2]},"f":{"1":28,"2":18,"3":9,"4":7,"5":7,"6":4},"fnMap":{"1":{"name":"constructor","line":32,"loc":{"start":{"line":32,"column":4},"end":{"line":39,"column":4}}},"2":{"name":"deposit","line":41,"loc":{"start":{"line":41,"column":4},"end":{"line":61,"column":4}}},"3":{"name":"redeem","line":63,"loc":{"start":{"line":63,"column":4},"end":{"line":83,"column":4}}},"4":{"name":"swap","line":85,"loc":{"start":{"line":85,"column":4},"end":{"line":102,"column":4}}},"5":{"name":"getAmountOut","line":104,"loc":{"start":{"line":104,"column":4},"end":{"line":110,"column":4}}},"6":{"name":"_swap","line":112,"loc":{"start":{"line":112,"column":4},"end":{"line":126,"column":4}}}},"statementMap":{"1":{"start":{"line":33,"column":8},"end":{"line":33,"column":55}},"2":{"start":{"line":34,"column":8},"end":{"line":34,"column":55}},"3":{"start":{"line":35,"column":8},"end":{"line":35,"column":56}},"4":{"start":{"line":42,"column":8},"end":{"line":42,"column":45}},"5":{"start":{"line":43,"column":8},"end":{"line":43,"column":45}},"6":{"start":{"line":45,"column":8},"end":{"line":45,"column":46}},"7":{"start":{"line":46,"column":8},"end":{"line":46,"column":1744}},"8":{"start":{"line":49,"column":12},"end":{"line":49,"column":79}},"9":{"start":{"line":53,"column":8},"end":{"line":53,"column":66}},"10":{"start":{"line":54,"column":8},"end":{"line":54,"column":66}},"11":{"start":{"line":58,"column":8},"end":{"line":58,"column":35}},"12":{"start":{"line":60,"column":8},"end":{"line":60,"column":63}},"13":{"start":{"line":64,"column":8},"end":{"line":64,"column":45}},"14":{"start":{"line":65,"column":8},"end":{"line":65,"column":45}},"15":{"start":{"line":67,"column":8},"end":{"line":67,"column":46}},"16":{"start":{"line":68,"column":8},"end":{"line":68,"column":51}},"17":{"start":{"line":69,"column":8},"end":{"line":69,"column":61}},"18":{"start":{"line":70,"column":8},"end":{"line":70,"column":61}},"19":{"start":{"line":71,"column":8},"end":{"line":71,"column":75}},"20":{"start":{"line":74,"column":8},"end":{"line":74,"column":35}},"21":{"start":{"line":79,"column":8},"end":{"line":79,"column":47}},"22":{"start":{"line":80,"column":8},"end":{"line":80,"column":47}},"23":{"start":{"line":82,"column":8},"end":{"line":82,"column":62}},"24":{"start":{"line":86,"column":8},"end":{"line":86,"column":46}},"25":{"start":{"line":87,"column":8},"end":{"line":87,"column":50}},"26":{"start":{"line":89,"column":8},"end":{"line":89,"column":3350}},"27":{"start":{"line":93,"column":15},"end":{"line":93,"column":3559}},"28":{"start":{"line":101,"column":8},"end":{"line":101,"column":62}},"29":{"start":{"line":109,"column":8},"end":{"line":109,"column":63}},"30":{"start":{"line":121,"column":8},"end":{"line":121,"column":61}},"31":{"start":{"line":122,"column":8},"end":{"line":122,"column":86}},"32":{"start":{"line":124,"column":8},"end":{"line":124,"column":68}},"33":{"start":{"line":125,"column":8},"end":{"line":125,"column":51}}},"branchMap":{"1":{"line":33,"type":"if","locations":[{"start":{"line":33,"column":8},"end":{"line":33,"column":8}},{"start":{"line":33,"column":8},"end":{"line":33,"column":8}}]},"2":{"line":34,"type":"if","locations":[{"start":{"line":34,"column":8},"end":{"line":34,"column":8}},{"start":{"line":34,"column":8},"end":{"line":34,"column":8}}]},"3":{"line":35,"type":"if","locations":[{"start":{"line":35,"column":8},"end":{"line":35,"column":8}},{"start":{"line":35,"column":8},"end":{"line":35,"column":8}}]},"4":{"line":42,"type":"if","locations":[{"start":{"line":42,"column":8},"end":{"line":42,"column":8}},{"start":{"line":42,"column":8},"end":{"line":42,"column":8}}]},"5":{"line":43,"type":"if","locations":[{"start":{"line":43,"column":8},"end":{"line":43,"column":8}},{"start":{"line":43,"column":8},"end":{"line":43,"column":8}}]},"6":{"line":46,"type":"if","locations":[{"start":{"line":46,"column":8},"end":{"line":46,"column":8}},{"start":{"line":46,"column":8},"end":{"line":46,"column":8}}]},"7":{"line":49,"type":"if","locations":[{"start":{"line":49,"column":12},"end":{"line":49,"column":12}},{"start":{"line":49,"column":12},"end":{"line":49,"column":12}}]},"8":{"line":64,"type":"if","locations":[{"start":{"line":64,"column":8},"end":{"line":64,"column":8}},{"start":{"line":64,"column":8},"end":{"line":64,"column":8}}]},"9":{"line":65,"type":"if","locations":[{"start":{"line":65,"column":8},"end":{"line":65,"column":8}},{"start":{"line":65,"column":8},"end":{"line":65,"column":8}}]},"10":{"line":68,"type":"if","locations":[{"start":{"line":68,"column":8},"end":{"line":68,"column":8}},{"start":{"line":68,"column":8},"end":{"line":68,"column":8}}]},"11":{"line":69,"type":"if","locations":[{"start":{"line":69,"column":8},"end":{"line":69,"column":8}},{"start":{"line":69,"column":8},"end":{"line":69,"column":8}}]},"12":{"line":70,"type":"if","locations":[{"start":{"line":70,"column":8},"end":{"line":70,"column":8}},{"start":{"line":70,"column":8},"end":{"line":70,"column":8}}]},"13":{"line":71,"type":"if","locations":[{"start":{"line":71,"column":8},"end":{"line":71,"column":8}},{"start":{"line":71,"column":8},"end":{"line":71,"column":8}}]},"14":{"line":86,"type":"if","locations":[{"start":{"line":86,"column":8},"end":{"line":86,"column":8}},{"start":{"line":86,"column":8},"end":{"line":86,"column":8}}]},"15":{"line":87,"type":"if","locations":[{"start":{"line":87,"column":8},"end":{"line":87,"column":8}},{"start":{"line":87,"column":8},"end":{"line":87,"column":8}}]},"16":{"line":89,"type":"if","locations":[{"start":{"line":89,"column":8},"end":{"line":89,"column":8}},{"start":{"line":89,"column":8},"end":{"line":89,"column":8}}]},"17":{"line":93,"type":"if","locations":[{"start":{"line":93,"column":15},"end":{"line":93,"column":15}},{"start":{"line":93,"column":15},"end":{"line":93,"column":15}}]},"18":{"line":121,"type":"if","locations":[{"start":{"line":121,"column":8},"end":{"line":121,"column":8}},{"start":{"line":121,"column":8},"end":{"line":121,"column":8}}]},"19":{"line":122,"type":"if","locations":[{"start":{"line":122,"column":8},"end":{"line":122,"column":8}},{"start":{"line":122,"column":8},"end":{"line":122,"column":8}}]}}},
"contracts\\TestERC20.sol":{"l":{"10":150},"path":"C:\\Users\\Patil\\OneDrive\\Desktop\\Ayush\\Cryptography\\Homework 4\\Ayushrpatil-Simple-Automated-Market-Maker\\contracts\\TestERC20.sol","s":{"1":150},"b":{},"f":{"1":51,"2":150},"fnMap":{"1":{"name":"constructor","line":7,"loc":{"start":{"line":7,"column":4},"end":{"line":7,"column":79}}},"2":{"name":"mint","line":9,"loc":{"start":{"line":9,"column":4},"end":{"line":11,"column":4}}}},"statementMap":{"1":{"start":{"line":10,"column":8},"end":{"line":10,"column":24}}},"branchMap":{}}}
