TN:
SF:C:\Users\Patil\OneDrive\Desktop\Ayush\Cryptography\Homework 4\Ayushrpatil-Simple-Automated-Market-Maker\contracts\SimpleAMM.sol
FN:32,constructor
FN:41,deposit
FN:63,redeem
FN:85,swap
FN:104,getAmountOut
FN:112,_swap
FNF:6
FNH:6
FNDA:28,constructor
FNDA:18,deposit
FNDA:9,redeem
FNDA:7,swap
FNDA:7,getAmountOut
FNDA:4,_swap
DA:33,28
DA:34,27
DA:35,26
DA:37,25
DA:38,25
DA:42,18
DA:43,17
DA:45,16
DA:46,16
DA:47,14
DA:49,2
DA:50,1
DA:53,15
DA:54,15
DA:56,15
DA:57,15
DA:58,15
DA:60,15
DA:64,9
DA:65,8
DA:67,7
DA:68,7
DA:69,6
DA:70,5
DA:71,4
DA:73,3
DA:74,3
DA:76,2
DA:77,2
DA:79,2
DA:80,2
DA:82,2
DA:86,7
DA:87,6
DA:89,5
DA:90,3
DA:91,1
DA:92,1
DA:94,1
DA:95,1
DA:96,1
DA:98,1
DA:101,2
DA:109,7
DA:120,4
DA:121,4
DA:122,3
DA:124,2
DA:125,2
LF:49
LH:49
BRDA:33,1,0,1
BRDA:33,1,1,27
BRDA:34,2,0,1
BRDA:34,2,1,26
BRDA:35,3,0,1
BRDA:35,3,1,25
BRDA:42,4,0,1
BRDA:42,4,1,17
BRDA:43,5,0,1
BRDA:43,5,1,16
BRDA:46,6,0,14
BRDA:46,6,1,2
BRDA:49,7,0,1
BRDA:49,7,1,1
BRDA:64,8,0,1
BRDA:64,8,1,8
BRDA:65,9,0,1
BRDA:65,9,1,7
BRDA:68,10,0,1
BRDA:68,10,1,6
BRDA:69,11,0,1
BRDA:69,11,1,5
BRDA:70,12,0,1
BRDA:70,12,1,4
BRDA:71,13,0,1
BRDA:71,13,1,3
BRDA:86,14,0,1
BRDA:86,14,1,6
BRDA:87,15,0,1
BRDA:87,15,1,5
BRDA:89,16,0,3
BRDA:89,16,1,2
BRDA:93,17,0,1
BRDA:93,17,1,1
BRDA:121,18,0,1
BRDA:121,18,1,3
BRDA:122,19,0,1
BRDA:122,19,1,2
BRF:38
BRH:38
end_of_record
TN:
SF:C:\Users\Patil\OneDrive\Desktop\Ayush\Cryptography\Homework 4\Ayushrpatil-Simple-Automated-Market-Maker\contracts\TestERC20.sol
FN:7,constructor
FN:9,mint
FNF:2
FNH:2
FNDA:51,constructor
FNDA:150,mint
DA:10,150
LF:1
LH:1
BRF:0
BRH:0
end_of_record
